[     796ms] [LOG] [ Federation Runtime ] Version 18.2.0 from dashboard of shared singleton module react does not satisfy the requirement of dashboard which needs catalog:react18) @ https://dash.cloudflare.com/runtime.aa6fedb577cfdb1e.js:3
[     798ms] [LOG] [ Federation Runtime ] Version 11.7.0 from dashboard of shared singleton module react-fela does not satisfy the requirement of dashboard which needs 11.6.1) @ https://dash.cloudflare.com/runtime.aa6fedb577cfdb1e.js:3
[     799ms] [LOG] [ Federation Runtime ] Version 18.2.0 from dashboard of shared singleton module react-dom does not satisfy the requirement of dashboard which needs catalog:react18) @ https://dash.cloudflare.com/runtime.aa6fedb577cfdb1e.js:3
[     800ms] [LOG] [ Federation Runtime ] Version 1.12.9 from dashboard of shared singleton module @cloudflare/intl-react does not satisfy the requirement of dashboard which needs workspace:^) @ https://dash.cloudflare.com/runtime.aa6fedb577cfdb1e.js:3
[     800ms] [LOG] [ Federation Runtime ] Version 1.12.9 from dashboard of shared singleton module @cloudflare/intl-react does not satisfy the requirement of dashboard which needs workspace:^) @ https://dash.cloudflare.com/runtime.aa6fedb577cfdb1e.js:3
[     800ms] [LOG] [ Federation Runtime ] Version 1.12.9 from dashboard of shared singleton module @cloudflare/intl-react does not satisfy the requirement of dashboard which needs workspace:^) @ https://dash.cloudflare.com/runtime.aa6fedb577cfdb1e.js:3
[     801ms] [LOG] [ Federation Runtime ] Version 1.12.9 from dashboard of shared singleton module @cloudflare/intl-react does not satisfy the requirement of dashboard which needs workspace:^) @ https://dash.cloudflare.com/runtime.aa6fedb577cfdb1e.js:3
[     803ms] [LOG] [ Federation Runtime ] Version 1.12.9 from dashboard of shared singleton module @cloudflare/intl-react does not satisfy the requirement of dashboard which needs workspace:^) @ https://dash.cloudflare.com/runtime.aa6fedb577cfdb1e.js:3
[     861ms] [LOG] [ Federation Runtime ] Version 18.2.0 from dashboard of shared singleton module react does not satisfy the requirement of dashboard which needs catalog:react18) @ https://dash.cloudflare.com/runtime.aa6fedb577cfdb1e.js:3
[     862ms] [LOG] [ Federation Runtime ] Version 18.2.0 from dashboard of shared singleton module react-dom does not satisfy the requirement of dashboard which needs catalog:react18) @ https://dash.cloudflare.com/runtime.aa6fedb577cfdb1e.js:3
[    1138ms] [LOG] [ Federation Runtime ] Version 11.7.0 from dashboard of shared singleton module react-fela does not satisfy the requirement of dashboard which needs 11.6.1) @ https://dash.cloudflare.com/runtime.aa6fedb577cfdb1e.js:3
[    1147ms] [LOG] [ Federation Runtime ] Version 1.12.9 from dashboard of shared singleton module @cloudflare/intl-react does not satisfy the requirement of dashboard which needs workspace:^) @ https://dash.cloudflare.com/runtime.aa6fedb577cfdb1e.js:3
[    1461ms] [ERROR] Failed to load resource: the server responded with a status of 403 () @ https://dash.cloudflare.com/cdn-cgi/zaraz/t:0
[    1462ms] [ERROR] Failed to load resource: the server responded with a status of 403 () @ https://dash.cloudflare.com/cdn-cgi/zaraz/t:0
[    1463ms] [ERROR] Failed to load resource: the server responded with a status of 403 () @ https://dash.cloudflare.com/cdn-cgi/zaraz/t:0
[    1471ms] undefined
[    1472ms] undefined
[    1472ms] undefined
[    1472ms] Unexpected token '<', "<!DOCTYPE "... is not valid JSON
[    1473ms] Unexpected token '<', "<!DOCTYPE "... is not valid JSON
[    1473ms] Unexpected token '<', "<!DOCTYPE "... is not valid JSON
[    2135ms] [LOG] [ Federation Runtime ] Version 1.12.9 from dashboard of shared singleton module @cloudflare/intl-react does not satisfy the requirement of dashboard which needs workspace:^) @ https://dash.cloudflare.com/cf-112b809bb921c7b0.js:2
[    2136ms] [LOG] [ Federation Runtime ] Version 1.12.9 from dashboard of shared singleton module @cloudflare/intl-react does not satisfy the requirement of dashboard which needs workspace:^) @ https://dash.cloudflare.com/cf-112b809bb921c7b0.js:2
[    2137ms] [LOG] [ Federation Runtime ] Version 1.12.9 from dashboard of shared singleton module @cloudflare/intl-react does not satisfy the requirement of dashboard which needs workspace:^) @ https://dash.cloudflare.com/cf-112b809bb921c7b0.js:2
[    2137ms] [LOG] [ Federation Runtime ] Version 1.12.9 from dashboard of shared singleton module @cloudflare/intl-react does not satisfy the requirement of dashboard which needs workspace:^) @ https://dash.cloudflare.com/cf-112b809bb921c7b0.js:2
[    2137ms] [LOG] [ Federation Runtime ] Version 1.12.9 from dashboard of shared singleton module @cloudflare/intl-react does not satisfy the requirement of dashboard which needs workspace:^) @ https://dash.cloudflare.com/cf-112b809bb921c7b0.js:2
[    2137ms] [LOG] [ Federation Runtime ] Version 1.12.9 from dashboard of shared singleton module @cloudflare/intl-react does not satisfy the requirement of dashboard which needs workspace:^) @ https://dash.cloudflare.com/cf-112b809bb921c7b0.js:2
[    2138ms] [LOG] [ Federation Runtime ] Version 1.12.9 from dashboard of shared singleton module @cloudflare/intl-react does not satisfy the requirement of dashboard which needs workspace:^) @ https://dash.cloudflare.com/cf-112b809bb921c7b0.js:2
[    2138ms] [LOG] [ Federation Runtime ] Version 1.12.9 from dashboard of shared singleton module @cloudflare/intl-react does not satisfy the requirement of dashboard which needs workspace:^) @ https://dash.cloudflare.com/cf-112b809bb921c7b0.js:2
[    2138ms] [LOG] [ Federation Runtime ] Version 1.12.9 from dashboard of shared singleton module @cloudflare/intl-react does not satisfy the requirement of dashboard which needs workspace:^) @ https://dash.cloudflare.com/cf-112b809bb921c7b0.js:2
[    2138ms] [LOG] [ Federation Runtime ] Version 1.12.9 from dashboard of shared singleton module @cloudflare/intl-react does not satisfy the requirement of dashboard which needs workspace:^) @ https://dash.cloudflare.com/cf-112b809bb921c7b0.js:2
[    2138ms] [LOG] [ Federation Runtime ] Version 1.12.9 from dashboard of shared singleton module @cloudflare/intl-react does not satisfy the requirement of dashboard which needs workspace:^) @ https://dash.cloudflare.com/cf-112b809bb921c7b0.js:2
[    2138ms] [LOG] [ Federation Runtime ] Version 1.12.9 from dashboard of shared singleton module @cloudflare/intl-react does not satisfy the requirement of dashboard which needs workspace:^) @ https://dash.cloudflare.com/cf-112b809bb921c7b0.js:2
[    2138ms] [LOG] [ Federation Runtime ] Version 1.12.9 from dashboard of shared singleton module @cloudflare/intl-react does not satisfy the requirement of dashboard which needs workspace:^) @ https://dash.cloudflare.com/cf-112b809bb921c7b0.js:2
[    2138ms] [LOG] [ Federation Runtime ] Version 1.12.9 from dashboard of shared singleton module @cloudflare/intl-react does not satisfy the requirement of dashboard which needs workspace:^) @ https://dash.cloudflare.com/cf-112b809bb921c7b0.js:2
[    2138ms] [LOG] [ Federation Runtime ] Version 1.12.9 from dashboard of shared singleton module @cloudflare/intl-react does not satisfy the requirement of dashboard which needs workspace:^) @ https://dash.cloudflare.com/cf-112b809bb921c7b0.js:2
[    2138ms] [LOG] [ Federation Runtime ] Version 1.12.9 from dashboard of shared singleton module @cloudflare/intl-react does not satisfy the requirement of dashboard which needs workspace:^) @ https://dash.cloudflare.com/cf-112b809bb921c7b0.js:2
[    2138ms] [LOG] [ Federation Runtime ] Version 1.12.9 from dashboard of shared singleton module @cloudflare/intl-react does not satisfy the requirement of dashboard which needs workspace:^) @ https://dash.cloudflare.com/cf-112b809bb921c7b0.js:2
[    2139ms] [LOG] [ Federation Runtime ] Version 1.12.9 from dashboard of shared singleton module @cloudflare/intl-react does not satisfy the requirement of dashboard which needs workspace:^) @ https://dash.cloudflare.com/cf-112b809bb921c7b0.js:2
[    2139ms] [LOG] [ Federation Runtime ] Version 1.12.9 from dashboard of shared singleton module @cloudflare/intl-react does not satisfy the requirement of dashboard which needs workspace:^) @ https://dash.cloudflare.com/cf-112b809bb921c7b0.js:2
[    2139ms] [LOG] [ Federation Runtime ] Version 1.12.9 from dashboard of shared singleton module @cloudflare/intl-react does not satisfy the requirement of dashboard which needs workspace:^) @ https://dash.cloudflare.com/cf-112b809bb921c7b0.js:2
[    2412ms] [ERROR] Failed to load resource: the server responded with a status of 403 () @ https://dash.cloudflare.com/api/v4/organizations?per_page=100:0
[    2984ms] [ERROR] Failed to load resource: the server responded with a status of 403 () @ https://dash.cloudflare.com/cdn-cgi/zaraz/t:0
[    2985ms] undefined
[    2986ms] Unexpected token '<', "<!DOCTYPE "... is not valid JSON
[    3013ms] [ERROR] Failed to load resource: the server responded with a status of 403 () @ https://dash.cloudflare.com/cdn-cgi/zaraz/t:0
[    3013ms] Unexpected token '<', "<!DOCTYPE "... is not valid JSON
[    3751ms] [ERROR] Failed to load resource: the server responded with a status of 403 () @ https://dash.cloudflare.com/cdn-cgi/zaraz/t:0
[    3752ms] undefined
[    3752ms] Unexpected token '<', "<!DOCTYPE "... is not valid JSON
[    3753ms] [ERROR] Failed to load resource: the server responded with a status of 403 () @ https://dash.cloudflare.com/cdn-cgi/zaraz/t:0
[    3753ms] Unexpected token '<', "<!DOCTYPE "... is not valid JSON
[    4163ms] [ERROR] Failed to load resource: the server responded with a status of 403 () @ https://dash.cloudflare.com/api/v4/organizations?per_page=100:0
[    4395ms] [WARNING] Form submission canceled because the form is not connected @ https://challenges.cloudflare.com/cdn-cgi/challenge-platform/h/b/turnstile/f/ov2/av0/rch/dg1fv/0x4AAAAAAAJel0iaAR3mgkjp/light/fbE/new/flexible?lang=auto:0
[    5039ms] [LOG] /.*.*=.*/ @ https://challenges.cloudflare.com/cdn-cgi/challenge-platform/h/b/turnstile/f/ov2/av0/rch/dg1fv/0x4AAAAAAAJel0iaAR3mgkjp/light/fbE/new/flexible?lang=auto:0
[    5039ms] [LOG] /.*.*=.*/ @ https://challenges.cloudflare.com/cdn-cgi/challenge-platform/h/b/turnstile/f/ov2/av0/rch/dg1fv/0x4AAAAAAAJel0iaAR3mgkjp/light/fbE/new/flexible?lang=auto:0
[    5039ms] [LOG] function () { [native code] } @ https://challenges.cloudflare.com/cdn-cgi/challenge-platform/h/b/turnstile/f/ov2/av0/rch/dg1fv/0x4AAAAAAAJel0iaAR3mgkjp/light/fbE/new/flexible?lang=auto:0
[    5039ms] [LOG] function () { [native code] } @ https://challenges.cloudflare.com/cdn-cgi/challenge-platform/h/b/turnstile/f/ov2/av0/rch/dg1fv/0x4AAAAAAAJel0iaAR3mgkjp/light/fbE/new/flexible?lang=auto:0
[    5040ms] [LOG] JSHandle@node @ https://challenges.cloudflare.com/cdn-cgi/challenge-platform/h/b/turnstile/f/ov2/av0/rch/dg1fv/0x4AAAAAAAJel0iaAR3mgkjp/light/fbE/new/flexible?lang=auto:0
[    5040ms] [LOG] JSHandle@node @ https://challenges.cloudflare.com/cdn-cgi/challenge-platform/h/b/turnstile/f/ov2/av0/rch/dg1fv/0x4AAAAAAAJel0iaAR3mgkjp/light/fbE/new/flexible?lang=auto:0
[    5040ms] [COUNT]  : 1 @ https://challenges.cloudflare.com/cdn-cgi/challenge-platform/h/b/turnstile/f/ov2/av0/rch/dg1fv/0x4AAAAAAAJel0iaAR3mgkjp/light/fbE/new/flexible?lang=auto:0
[    5040ms] [COUNT]  : 1 @ https://challenges.cloudflare.com/cdn-cgi/challenge-platform/h/b/turnstile/f/ov2/av0/rch/dg1fv/0x4AAAAAAAJel0iaAR3mgkjp/light/fbE/new/flexible?lang=auto:0
[    5041ms] [DIR]  Error @ https://challenges.cloudflare.com/cdn-cgi/challenge-platform/h/b/turnstile/f/ov2/av0/rch/dg1fv/0x4AAAAAAAJel0iaAR3mgkjp/light/fbE/new/flexible?lang=auto:0
[    5041ms] [DIR]  Error @ https://challenges.cloudflare.com/cdn-cgi/challenge-platform/h/b/turnstile/f/ov2/av0/rch/dg1fv/0x4AAAAAAAJel0iaAR3mgkjp/light/fbE/new/flexible?lang=auto:0
[    5042ms] [DIRXML] %c%d font-size:0;color:transparent Error @ https://challenges.cloudflare.com/cdn-cgi/challenge-platform/h/b/turnstile/f/ov2/av0/rch/dg1fv/0x4AAAAAAAJel0iaAR3mgkjp/light/fbE/new/flexible?lang=auto:0
[    5043ms] [DIRXML] %c%d font-size:0;color:transparent Error @ https://challenges.cloudflare.com/cdn-cgi/challenge-platform/h/b/turnstile/f/ov2/av0/rch/dg1fv/0x4AAAAAAAJel0iaAR3mgkjp/light/fbE/new/flexible?lang=auto:0
[    5044ms] [ERROR] %c%d font-size:0;color:transparent NaN @ https://challenges.cloudflare.com/cdn-cgi/challenge-platform/h/b/turnstile/f/ov2/av0/rch/dg1fv/0x4AAAAAAAJel0iaAR3mgkjp/light/fbE/new/flexible?lang=auto:0
[    5045ms] [ERROR] %c%d font-size:0;color:transparent NaN @ https://challenges.cloudflare.com/cdn-cgi/challenge-platform/h/b/turnstile/f/ov2/av0/rch/dg1fv/0x4AAAAAAAJel0iaAR3mgkjp/light/fbE/new/flexible?lang=auto:0
[    5045ms] [INFO] %c%d font-size:0;color:transparent NaN @ https://challenges.cloudflare.com/cdn-cgi/challenge-platform/h/b/turnstile/f/ov2/av0/rch/dg1fv/0x4AAAAAAAJel0iaAR3mgkjp/light/fbE/new/flexible?lang=auto:0
[    5046ms] [INFO] %c%d font-size:0;color:transparent NaN @ https://challenges.cloudflare.com/cdn-cgi/challenge-platform/h/b/turnstile/f/ov2/av0/rch/dg1fv/0x4AAAAAAAJel0iaAR3mgkjp/light/fbE/new/flexible?lang=auto:0
[    5047ms] [LOG] %c%d font-size:0;color:transparent NaN @ https://challenges.cloudflare.com/cdn-cgi/challenge-platform/h/b/turnstile/f/ov2/av0/rch/dg1fv/0x4AAAAAAAJel0iaAR3mgkjp/light/fbE/new/flexible?lang=auto:0
[    5047ms] [LOG] %c%d font-size:0;color:transparent NaN @ https://challenges.cloudflare.com/cdn-cgi/challenge-platform/h/b/turnstile/f/ov2/av0/rch/dg1fv/0x4AAAAAAAJel0iaAR3mgkjp/light/fbE/new/flexible?lang=auto:0
[    5047ms] [TABLE] %c%d font-size:0;color:transparent Error @ https://challenges.cloudflare.com/cdn-cgi/challenge-platform/h/b/turnstile/f/ov2/av0/rch/dg1fv/0x4AAAAAAAJel0iaAR3mgkjp/light/fbE/new/flexible?lang=auto:0
[    5047ms] [TABLE] %c%d font-size:0;color:transparent Error @ https://challenges.cloudflare.com/cdn-cgi/challenge-platform/h/b/turnstile/f/ov2/av0/rch/dg1fv/0x4AAAAAAAJel0iaAR3mgkjp/light/fbE/new/flexible?lang=auto:0
[    5048ms] [WARNING] %c%d font-size:0;color:transparent NaN @ https://challenges.cloudflare.com/cdn-cgi/challenge-platform/h/b/turnstile/f/ov2/av0/rch/dg1fv/0x4AAAAAAAJel0iaAR3mgkjp/light/fbE/new/flexible?lang=auto:0
[    5048ms] [WARNING] %c%d font-size:0;color:transparent NaN @ https://challenges.cloudflare.com/cdn-cgi/challenge-platform/h/b/turnstile/f/ov2/av0/rch/dg1fv/0x4AAAAAAAJel0iaAR3mgkjp/light/fbE/new/flexible?lang=auto:0
[    5152ms] [LOG] The next request for the Private Access Token challenge may return a 401 and show a warning in console. @ https://challenges.cloudflare.com/cdn-cgi/challenge-platform/h/b/turnstile/f/ov2/av0/rch/dg1fv/0x4AAAAAAAJel0iaAR3mgkjp/light/fbE/new/flexible?lang=auto:0
[    5169ms] [ERROR] Failed to load resource: the server responded with a status of 401 () @ https://challenges.cloudflare.com/cdn-cgi/challenge-platform/h/b/pat/9fc202d62f31a9bc/1778846728907/ac5eb8d4ff6f957a64107ba06e67a32129dada431ede8592f50c65a91e0cd3c4/qauVgJKzJWcFh9W:0
[    5207ms] [ERROR] Permissions policy violation: xr-spatial-tracking is not allowed in this document. @ https://challenges.cloudflare.com/cdn-cgi/challenge-platform/h/b/turnstile/f/ov2/av0/rch/dg1fv/0x4AAAAAAAJel0iaAR3mgkjp/light/fbE/new/flexible?lang=auto:0
[    5208ms] [ERROR] Permissions policy violation: xr-spatial-tracking is not allowed in this document. @ https://challenges.cloudflare.com/cdn-cgi/challenge-platform/h/b/turnstile/f/ov2/av0/rch/dg1fv/0x4AAAAAAAJel0iaAR3mgkjp/light/fbE/new/flexible?lang=auto:0
[    5976ms] [WARNING] Failed to parse audio contentType: audio/mp4; codecs=ac-3 @ https://challenges.cloudflare.com/cdn-cgi/challenge-platform/h/b/turnstile/f/ov2/av0/rch/dg1fv/0x4AAAAAAAJel0iaAR3mgkjp/light/fbE/new/flexible?lang=auto:0
[    5976ms] [WARNING] Failed to parse audio contentType: audio/mp4; codecs=ec-3 @ https://challenges.cloudflare.com/cdn-cgi/challenge-platform/h/b/turnstile/f/ov2/av0/rch/dg1fv/0x4AAAAAAAJel0iaAR3mgkjp/light/fbE/new/flexible?lang=auto:0
[    5977ms] [WARNING] Invalid (ambiguous) video codec string: video/webm; codecs=vp9 @ https://challenges.cloudflare.com/cdn-cgi/challenge-platform/h/b/turnstile/f/ov2/av0/rch/dg1fv/0x4AAAAAAAJel0iaAR3mgkjp/light/fbE/new/flexible?lang=auto:0
[    5978ms] [WARNING] Failed to parse video contentType: video/ogg; codecs=theora @ https://challenges.cloudflare.com/cdn-cgi/challenge-platform/h/b/turnstile/f/ov2/av0/rch/dg1fv/0x4AAAAAAAJel0iaAR3mgkjp/light/fbE/new/flexible?lang=auto:0
[    6241ms] [ERROR] This document requires 'TrustedHTML' assignment. The action has been blocked. @ https://challenges.cloudflare.com/cdn-cgi/challenge-platform/h/b/turnstile/f/ov2/av0/rch/dg1fv/0x4AAAAAAAJel0iaAR3mgkjp/light/fbE/new/flexible?lang=auto:0
[    6241ms] [ERROR] This document requires 'TrustedHTML' assignment. The action has been blocked. @ https://challenges.cloudflare.com/cdn-cgi/challenge-platform/h/b/turnstile/f/ov2/av0/rch/dg1fv/0x4AAAAAAAJel0iaAR3mgkjp/light/fbE/new/flexible?lang=auto:0
[    6242ms] [ERROR] This document requires 'TrustedScript' assignment. The action has been blocked. @ https://challenges.cloudflare.com/cdn-cgi/challenge-platform/h/b/turnstile/f/ov2/av0/rch/dg1fv/0x4AAAAAAAJel0iaAR3mgkjp/light/fbE/new/flexible?lang=auto:0
[    6242ms] [ERROR] This document requires 'TrustedScript' assignment. The action has been blocked. @ https://challenges.cloudflare.com/cdn-cgi/challenge-platform/h/b/turnstile/f/ov2/av0/rch/dg1fv/0x4AAAAAAAJel0iaAR3mgkjp/light/fbE/new/flexible?lang=auto:0
[    6242ms] [ERROR] This document requires 'TrustedScriptURL' assignment. The action has been blocked. @ https://challenges.cloudflare.com/cdn-cgi/challenge-platform/h/b/turnstile/f/ov2/av0/rch/dg1fv/0x4AAAAAAAJel0iaAR3mgkjp/light/fbE/new/flexible?lang=auto:0
[    6243ms] [ERROR] This document requires 'TrustedScriptURL' assignment. The action has been blocked. @ https://challenges.cloudflare.com/cdn-cgi/challenge-platform/h/b/turnstile/f/ov2/av0/rch/dg1fv/0x4AAAAAAAJel0iaAR3mgkjp/light/fbE/new/flexible?lang=auto:0
[    6255ms] [ERROR] Executing inline script violates the following Content Security Policy directive 'script-src 'nonce-BVIlSkG8e4lIwy85vTaJ9k' 'unsafe-eval''. Either the 'unsafe-inline' keyword, a hash ('sha256-eJGI0Ik4oYe/PKLDOt4wcN76wYs8h+Ew05pMzdY6xG8='), or a nonce ('nonce-...') is required to enable inline execution. The action has been blocked. @ about:srcdoc:0
[    6255ms] [ERROR] Executing inline script violates the following Content Security Policy directive 'script-src 'nonce-BVIlSkG8e4lIwy85vTaJ9k' 'unsafe-eval''. Either the 'unsafe-inline' keyword, a hash ('sha256-eJGI0Ik4oYe/PKLDOt4wcN76wYs8h+Ew05pMzdY6xG8='), or a nonce ('nonce-...') is required to enable inline execution. The action has been blocked. @ about:srcdoc:0
[    6255ms] [ERROR] This document requires 'TrustedScript' assignment. The action has been blocked. @ https://challenges.cloudflare.com/cdn-cgi/challenge-platform/h/b/turnstile/f/ov2/av0/rch/dg1fv/0x4AAAAAAAJel0iaAR3mgkjp/light/fbE/new/flexible?lang=auto:0
[    6255ms] [ERROR] This document requires 'TrustedScript' assignment. The action has been blocked. @ https://challenges.cloudflare.com/cdn-cgi/challenge-platform/h/b/turnstile/f/ov2/av0/rch/dg1fv/0x4AAAAAAAJel0iaAR3mgkjp/light/fbE/new/flexible?lang=auto:0
[    6424ms] [ERROR] Failed to load resource: the server responded with a status of 403 () @ https://dash.cloudflare.com/api/v4/organizations?per_page=100:0
[    9587ms] [WARNING] The resource https://challenges.cloudflare.com/cdn-cgi/challenge-platform/h/b/cmg/1 was preloaded using link preload but not used within a few seconds from the window's load event. Please make sure it has an appropriate `as` value and it is preloaded intentionally. @ https://challenges.cloudflare.com/cdn-cgi/challenge-platform/h/b/turnstile/f/ov2/av0/rch/dg1fv/0x4AAAAAAAJel0iaAR3mgkjp/light/fbE/new/flexible?lang=auto:0
[   10703ms] [ERROR] Failed to load resource: the server responded with a status of 403 () @ https://dash.cloudflare.com/api/v4/organizations?per_page=100:0
